Build started 2016-11-23 7:12:52 PM.
     1>Project "C:\Users\user\Desktop\Fanshawe\Artificial Intel Proj 2\GettingStarted\GettingStarted.vcxproj" on node 2 (Build target(s)).
     1>ClCompile:
         C:\Program Files (x86)\Microsoft Visual Studio 14.0\VC\bin\x86_amd64\CL.exe /c /ZI /nologo /W3 /WX- /sdl /Od /D _DEBUG /D _CONSOLE /D _UNICODE /D UNICODE /Gm /EHsc /RTC1 /MDd /GS /fp:precise /Zc:wchar_t /Zc:forScope /Zc:inline /Fo"x64\Debug\\" /Fd"x64\Debug\vc140.pdb" /Gd /TP /errorReport:prompt cEnemyBuilder.cpp cEnemyFactory.cpp cAreaInfo.cpp cCurious.cpp cCamera.cpp cAngry.cpp cFlocker.cpp cFlockerManager.cpp cMediator.cpp cPlayer.cpp global.cpp JsonHelp.cpp LoadMesh.cpp LoadShaders.cpp LoadTexture.cpp main.cpp
         main.cpp
     1>c:\users\user\desktop\fanshawe\artificial intel proj 2\gettingstarted\externals.h(4): fatal error C1083: Cannot open include file: 'glm\fwd.hpp': No such file or directory
         LoadTexture.cpp
     1>c:\users\user\desktop\fanshawe\artificial intel proj 2\gettingstarted\externals.h(4): fatal error C1083: Cannot open include file: 'glm\fwd.hpp': No such file or directory
         LoadShaders.cpp
     1>c:\users\user\desktop\fanshawe\artificial intel proj 2\gettingstarted\externals.h(4): fatal error C1083: Cannot open include file: 'glm\fwd.hpp': No such file or directory
         LoadMesh.cpp
     1>c:\users\user\desktop\fanshawe\artificial intel proj 2\gettingstarted\externals.h(4): fatal error C1083: Cannot open include file: 'glm\fwd.hpp': No such file or directory
         JsonHelp.cpp
     1>c:\users\user\desktop\fanshawe\artificial intel proj 2\gettingstarted\externals.h(4): fatal error C1083: Cannot open include file: 'glm\fwd.hpp': No such file or directory
         global.cpp
     1>c:\users\user\desktop\fanshawe\artificial intel proj 2\gettingstarted\externals.h(4): fatal error C1083: Cannot open include file: 'glm\fwd.hpp': No such file or directory
         cPlayer.cpp
     1>c:\users\user\desktop\fanshawe\artificial intel proj 2\gettingstarted\externals.h(4): fatal error C1083: Cannot open include file: 'glm\fwd.hpp': No such file or directory
         cMediator.cpp
     1>c:\users\user\desktop\fanshawe\artificial intel proj 2\gettingstarted\externals.h(4): fatal error C1083: Cannot open include file: 'glm\fwd.hpp': No such file or directory
         cFlockerManager.cpp
     1>c:\users\user\desktop\fanshawe\artificial intel proj 2\gettingstarted\externals.h(4): fatal error C1083: Cannot open include file: 'glm\fwd.hpp': No such file or directory
         cFlocker.cpp
     1>c:\users\user\desktop\fanshawe\artificial intel proj 2\gettingstarted\externals.h(4): fatal error C1083: Cannot open include file: 'glm\fwd.hpp': No such file or directory
         cAngry.cpp
     1>c:\users\user\desktop\fanshawe\artificial intel proj 2\gettingstarted\externals.h(4): fatal error C1083: Cannot open include file: 'glm\fwd.hpp': No such file or directory
         cCamera.cpp
     1>c:\users\user\desktop\fanshawe\artificial intel proj 2\gettingstarted\externals.h(4): fatal error C1083: Cannot open include file: 'glm\fwd.hpp': No such file or directory
         cCurious.cpp
     1>c:\users\user\desktop\fanshawe\artificial intel proj 2\gettingstarted\externals.h(4): fatal error C1083: Cannot open include file: 'glm\fwd.hpp': No such file or directory
         cAreaInfo.cpp
     1>c:\users\user\desktop\fanshawe\artificial intel proj 2\gettingstarted\externals.h(4): fatal error C1083: Cannot open include file: 'glm\fwd.hpp': No such file or directory
         cEnemyFactory.cpp
     1>c:\users\user\desktop\fanshawe\artificial intel proj 2\gettingstarted\externals.h(4): fatal error C1083: Cannot open include file: 'glm\fwd.hpp': No such file or directory
         cEnemyBuilder.cpp
     1>c:\users\user\desktop\fanshawe\artificial intel proj 2\gettingstarted\externals.h(4): fatal error C1083: Cannot open include file: 'glm\fwd.hpp': No such file or directory
         Generating Code...
     1>Done Building Project "C:\Users\user\Desktop\Fanshawe\Artificial Intel Proj 2\GettingStarted\GettingStarted.vcxproj" (Build target(s)) -- FAILED.

Build FAILED.

Time Elapsed 00:00:02.57
