Build started 2016-12-17 4:54:14 PM.
     1>Project "C:\Users\user\Desktop\Fanshawe\That Flocking Project\GettingStarted\GettingStarted.vcxproj" on node 2 (Build target(s)).
     1>ClCompile:
         C:\Program Files (x86)\Microsoft Visual Studio 14.0\VC\bin\CL.exe /c /ZI /nologo /W3 /WX- /sdl /Od /Oy- /D WIN32 /D _DEBUG /D _CONSOLE /D _UNICODE /D UNICODE /Gm /EHsc /RTC1 /MDd /GS /fp:precise /Zc:wchar_t /Zc:forScope /Zc:inline /Fo"Debug\\" /Fd"Debug\vc140.pdb" /Gd /TP /analyze- /errorReport:prompt cEnemyBuilder.cpp cEnemyFactory.cpp cAreaInfo.cpp cCurious.cpp cCamera.cpp cAngry.cpp cFlocker.cpp cFlockerManager.cpp cMediator.cpp cPlayer.cpp global.cpp jsoncpp.cpp JsonHelp.cpp LoadMesh.cpp LoadShaders.cpp LoadTexture.cpp main.cpp
         main.cpp
     1>c:\users\user\desktop\fanshawe\that flocking project\gettingstarted\main.cpp(217): warning C4244: 'initializing': conversion from 'float' to 'int', possible loss of data
     1>c:\users\user\desktop\fanshawe\that flocking project\gettingstarted\main.cpp(219): warning C4244: 'initializing': conversion from 'float' to 'int', possible loss of data
     1>c:\users\user\desktop\fanshawe\that flocking project\gettingstarted\main.cpp(422): warning C4305: '=': truncation from 'double' to 'float'
         LoadTexture.cpp
         LoadShaders.cpp
         LoadMesh.cpp
         JsonHelp.cpp
         jsoncpp.cpp
         global.cpp
         cPlayer.cpp
         cMediator.cpp
         cFlockerManager.cpp
         cFlocker.cpp
     1>c:\users\user\desktop\fanshawe\that flocking project\gettingstarted\cflocker.cpp(84): warning C4244: 'initializing': conversion from 'unsigned int' to 'float', possible loss of data
         cAngry.cpp
         cCamera.cpp
         cCurious.cpp
         cAreaInfo.cpp
         cEnemyFactory.cpp
         cEnemyBuilder.cpp
         Generating Code...
     1>c:\users\user\desktop\fanshawe\that flocking project\gettingstarted\loadmesh.cpp(121): warning C4715: 'LoadMesh': not all control paths return a value
       Link:
         C:\Program Files (x86)\Microsoft Visual Studio 14.0\VC\bin\link.exe /ERRORREPORT:PROMPT /OUT:"C:\Users\user\Desktop\Fanshawe\That Flocking Project\Debug\GettingStarted.exe" /INCREMENTAL /NOLOGO /LIBPATH:"C:\Users\user\Desktop\Fanshawe\That Flocking Project\Extern\glfw\lib\Debug" /LIBPATH:"C:\Users\user\Desktop\Fanshawe\That Flocking Project\Extern\glew\lib\Debug" glfw3.lib GLEW_1130.lib opengl32.lib Assimp.lib FreeImage.lib kernel32.lib user32.lib gdi32.lib winspool.lib comdlg32.lib advapi32.lib shell32.lib ole32.lib oleaut32.lib uuid.lib odbc32.lib odbccp32.lib /MANIFEST /MANIFESTUAC:"level='asInvoker' uiAccess='false'" /manifest:embed /Debug /PDB:"C:\Users\user\Desktop\Fanshawe\That Flocking Project\Debug\GettingStarted.pdb" /SUBSYSTEM:CONSOLE /TLBID:1 /DYNAMICBASE /NXCOMPAT /IMPLIB:"C:\Users\user\Desktop\Fanshawe\That Flocking Project\Debug\GettingStarted.lib" /MACHINE:X86 Debug\cEnemyBuilder.obj
         Debug\cEnemyFactory.obj
         Debug\cAreaInfo.obj
         Debug\cCurious.obj
         Debug\cCamera.obj
         Debug\cAngry.obj
         Debug\cFlocker.obj
         Debug\cFlockerManager.obj
         Debug\cMediator.obj
         Debug\cPlayer.obj
         Debug\global.obj
         Debug\jsoncpp.obj
         Debug\JsonHelp.obj
         Debug\LoadMesh.obj
         Debug\LoadShaders.obj
         Debug\LoadTexture.obj
         Debug\main.obj
     1>glfw3.lib(context.obj) : warning LNK4099: PDB 'glfw.pdb' was not found with 'glfw3.lib(context.obj)' or at 'C:\Users\user\Desktop\Fanshawe\That Flocking Project\Debug\glfw.pdb'; linking object as if no debug info
     1>glfw3.lib(init.obj) : warning LNK4099: PDB 'glfw.pdb' was not found with 'glfw3.lib(init.obj)' or at 'C:\Users\user\Desktop\Fanshawe\That Flocking Project\Debug\glfw.pdb'; linking object as if no debug info
     1>glfw3.lib(input.obj) : warning LNK4099: PDB 'glfw.pdb' was not found with 'glfw3.lib(input.obj)' or at 'C:\Users\user\Desktop\Fanshawe\That Flocking Project\Debug\glfw.pdb'; linking object as if no debug info
     1>glfw3.lib(monitor.obj) : warning LNK4099: PDB 'glfw.pdb' was not found with 'glfw3.lib(monitor.obj)' or at 'C:\Users\user\Desktop\Fanshawe\That Flocking Project\Debug\glfw.pdb'; linking object as if no debug info
     1>glfw3.lib(window.obj) : warning LNK4099: PDB 'glfw.pdb' was not found with 'glfw3.lib(window.obj)' or at 'C:\Users\user\Desktop\Fanshawe\That Flocking Project\Debug\glfw.pdb'; linking object as if no debug info
     1>glfw3.lib(win32_init.obj) : warning LNK4099: PDB 'glfw.pdb' was not found with 'glfw3.lib(win32_init.obj)' or at 'C:\Users\user\Desktop\Fanshawe\That Flocking Project\Debug\glfw.pdb'; linking object as if no debug info
     1>glfw3.lib(win32_monitor.obj) : warning LNK4099: PDB 'glfw.pdb' was not found with 'glfw3.lib(win32_monitor.obj)' or at 'C:\Users\user\Desktop\Fanshawe\That Flocking Project\Debug\glfw.pdb'; linking object as if no debug info
     1>glfw3.lib(win32_time.obj) : warning LNK4099: PDB 'glfw.pdb' was not found with 'glfw3.lib(win32_time.obj)' or at 'C:\Users\user\Desktop\Fanshawe\That Flocking Project\Debug\glfw.pdb'; linking object as if no debug info
     1>glfw3.lib(win32_tls.obj) : warning LNK4099: PDB 'glfw.pdb' was not found with 'glfw3.lib(win32_tls.obj)' or at 'C:\Users\user\Desktop\Fanshawe\That Flocking Project\Debug\glfw.pdb'; linking object as if no debug info
     1>glfw3.lib(win32_window.obj) : warning LNK4099: PDB 'glfw.pdb' was not found with 'glfw3.lib(win32_window.obj)' or at 'C:\Users\user\Desktop\Fanshawe\That Flocking Project\Debug\glfw.pdb'; linking object as if no debug info
     1>glfw3.lib(winmm_joystick.obj) : warning LNK4099: PDB 'glfw.pdb' was not found with 'glfw3.lib(winmm_joystick.obj)' or at 'C:\Users\user\Desktop\Fanshawe\That Flocking Project\Debug\glfw.pdb'; linking object as if no debug info
     1>glfw3.lib(wgl_context.obj) : warning LNK4099: PDB 'glfw.pdb' was not found with 'glfw3.lib(wgl_context.obj)' or at 'C:\Users\user\Desktop\Fanshawe\That Flocking Project\Debug\glfw.pdb'; linking object as if no debug info
         GettingStarted.vcxproj -> C:\Users\user\Desktop\Fanshawe\That Flocking Project\Debug\GettingStarted.exe
       PostBuildEvent:
         copy /Y "C:\Users\user\Desktop\Fanshawe\That Flocking Project\Extern\Assimp\Assimp32.dll" "C:\Users\user\Desktop\Fanshawe\That Flocking Project\Debug\Assimp32.dll"
         :VCEnd
                 1 file(s) copied.
     1>Done Building Project "C:\Users\user\Desktop\Fanshawe\That Flocking Project\GettingStarted\GettingStarted.vcxproj" (Build target(s)).

Build succeeded.

Time Elapsed 00:00:13.93
